04-Dec-2014 00:53:26.767 INFO [main] org.apache.catalina.startup.VersionLoggerListener.log Server version:        Apache Tomcat/8.0.15
04-Dec-2014 00:53:26.768 INFO [main] org.apache.catalina.startup.VersionLoggerListener.log Server built:          Nov 2 2014 19:25:20 UTC
04-Dec-2014 00:53:26.768 INFO [main] org.apache.catalina.startup.VersionLoggerListener.log Server number:         8.0.15.0
04-Dec-2014 00:53:26.768 INFO [main] org.apache.catalina.startup.VersionLoggerListener.log OS Name:               Linux
04-Dec-2014 00:53:26.768 INFO [main] org.apache.catalina.startup.VersionLoggerListener.log OS Version:            3.2.0-51-generic
04-Dec-2014 00:53:26.768 INFO [main] org.apache.catalina.startup.VersionLoggerListener.log Architecture:          amd64
04-Dec-2014 00:53:26.769 INFO [main] org.apache.catalina.startup.VersionLoggerListener.log JAVA_HOME:             /usr/lib/jvm/java-7-openjdk-amd64/jre
04-Dec-2014 00:53:26.769 INFO [main] org.apache.catalina.startup.VersionLoggerListener.log JVM Version:           1.7.0_65-b32
04-Dec-2014 00:53:26.769 INFO [main] org.apache.catalina.startup.VersionLoggerListener.log JVM Vendor:            Oracle Corporation
04-Dec-2014 00:53:26.769 INFO [main] org.apache.catalina.startup.VersionLoggerListener.log CATALINA_BASE:         /home/simon/IUT_Projet_Web_Java/tomcat-etud
04-Dec-2014 00:53:26.769 INFO [main] org.apache.catalina.startup.VersionLoggerListener.log CATALINA_HOME:         /home/simon/IUT_Projet_Web_Java/tomcat-etud
04-Dec-2014 00:53:26.769 INFO [main] org.apache.catalina.startup.VersionLoggerListener.log Command line argument: -Djava.util.logging.config.file=/home/simon/IUT_Projet_Web_Java/tomcat-etud/conf/logging.properties
04-Dec-2014 00:53:26.769 INFO [main] org.apache.catalina.startup.VersionLoggerListener.log Command line argument: -Djava.util.logging.manager=org.apache.juli.ClassLoaderLogManager
04-Dec-2014 00:53:26.769 INFO [main] org.apache.catalina.startup.VersionLoggerListener.log Command line argument: -Djava.endorsed.dirs=/home/simon/IUT_Projet_Web_Java/tomcat-etud/endorsed
04-Dec-2014 00:53:26.770 INFO [main] org.apache.catalina.startup.VersionLoggerListener.log Command line argument: -Dcatalina.base=/home/simon/IUT_Projet_Web_Java/tomcat-etud
04-Dec-2014 00:53:26.770 INFO [main] org.apache.catalina.startup.VersionLoggerListener.log Command line argument: -Dcatalina.home=/home/simon/IUT_Projet_Web_Java/tomcat-etud
04-Dec-2014 00:53:26.770 INFO [main] org.apache.catalina.startup.VersionLoggerListener.log Command line argument: -Djava.io.tmpdir=/home/simon/IUT_Projet_Web_Java/tomcat-etud/temp
04-Dec-2014 00:53:26.770 INFO [main] org.apache.catalina.core.AprLifecycleListener.lifecycleEvent The APR based Apache Tomcat Native library which allows optimal performance in production environments was not found on the java.library.path: /usr/java/packages/lib/amd64:/usr/lib/x86_64-linux-gnu/jni:/lib/x86_64-linux-gnu:/usr/lib/x86_64-linux-gnu:/usr/lib/jni:/lib:/usr/lib
04-Dec-2014 00:53:27.185 INFO [main] org.apache.coyote.AbstractProtocol.init Initializing ProtocolHandler ["http-nio-8080"]
04-Dec-2014 00:53:27.223 INFO [main] org.apache.tomcat.util.net.NioSelectorPool.getSharedSelector Using a shared selector for servlet write/read
04-Dec-2014 00:53:27.226 INFO [main] org.apache.coyote.AbstractProtocol.init Initializing ProtocolHandler ["ajp-nio-8009"]
04-Dec-2014 00:53:27.229 INFO [main] org.apache.tomcat.util.net.NioSelectorPool.getSharedSelector Using a shared selector for servlet write/read
04-Dec-2014 00:53:27.229 INFO [main] org.apache.catalina.startup.Catalina.load Initialization processed in 1492 ms
04-Dec-2014 00:53:27.266 INFO [main] org.apache.catalina.core.StandardService.startInternal Démarrage du service Catalina
04-Dec-2014 00:53:27.266 INFO [main] org.apache.catalina.core.StandardEngine.startInternal Starting Servlet Engine: Apache Tomcat/8.0.15
04-Dec-2014 00:53:27.276 INFO [localhost-startStop-1] org.apache.catalina.startup.HostConfig.deployDirectory Déploiement du répertoire /home/simon/IUT_Projet_Web_Java/tomcat-etud/webapps/musiconline de l'application web
04-Dec-2014 00:53:27.893 INFO [localhost-startStop-1] org.apache.jasper.servlet.TldScanner.scanJars At least one JAR was scanned for TLDs yet contained no TLDs. Enable debug logging for this logger for a complete list of JARs that were scanned but no TLDs were found in them. Skipping unneeded JARs during scanning can improve startup time and JSP compilation time.
04-Dec-2014 00:53:27.974 INFO [localhost-startStop-1] org.apache.catalina.startup.HostConfig.deployDirectory Deployment of web application directory /home/simon/IUT_Projet_Web_Java/tomcat-etud/webapps/musiconline has finished in 695 ms
04-Dec-2014 00:53:27.974 INFO [localhost-startStop-1] org.apache.catalina.startup.HostConfig.deployDirectory Déploiement du répertoire /home/simon/IUT_Projet_Web_Java/tomcat-etud/webapps/manager de l'application web
04-Dec-2014 00:53:28.040 INFO [localhost-startStop-1] org.apache.jasper.servlet.TldScanner.scanJars At least one JAR was scanned for TLDs yet contained no TLDs. Enable debug logging for this logger for a complete list of JARs that were scanned but no TLDs were found in them. Skipping unneeded JARs during scanning can improve startup time and JSP compilation time.
04-Dec-2014 00:53:28.047 INFO [localhost-startStop-1] org.apache.catalina.startup.HostConfig.deployDirectory Deployment of web application directory /home/simon/IUT_Projet_Web_Java/tomcat-etud/webapps/manager has finished in 73 ms
04-Dec-2014 00:53:28.048 INFO [localhost-startStop-1] org.apache.catalina.startup.HostConfig.deployDirectory Déploiement du répertoire /home/simon/IUT_Projet_Web_Java/tomcat-etud/webapps/ROOT de l'application web
04-Dec-2014 00:53:28.121 INFO [localhost-startStop-1] org.apache.jasper.servlet.TldScanner.scanJars At least one JAR was scanned for TLDs yet contained no TLDs. Enable debug logging for this logger for a complete list of JARs that were scanned but no TLDs were found in them. Skipping unneeded JARs during scanning can improve startup time and JSP compilation time.
04-Dec-2014 00:53:28.123 INFO [localhost-startStop-1] org.apache.catalina.startup.HostConfig.deployDirectory Deployment of web application directory /home/simon/IUT_Projet_Web_Java/tomcat-etud/webapps/ROOT has finished in 75 ms
04-Dec-2014 00:53:28.123 INFO [localhost-startStop-1] org.apache.catalina.startup.HostConfig.deployDirectory Déploiement du répertoire /home/simon/IUT_Projet_Web_Java/tomcat-etud/webapps/docs de l'application web
04-Dec-2014 00:53:28.176 INFO [localhost-startStop-1] org.apache.jasper.servlet.TldScanner.scanJars At least one JAR was scanned for TLDs yet contained no TLDs. Enable debug logging for this logger for a complete list of JARs that were scanned but no TLDs were found in them. Skipping unneeded JARs during scanning can improve startup time and JSP compilation time.
04-Dec-2014 00:53:28.178 INFO [localhost-startStop-1] org.apache.catalina.startup.HostConfig.deployDirectory Deployment of web application directory /home/simon/IUT_Projet_Web_Java/tomcat-etud/webapps/docs has finished in 55 ms
04-Dec-2014 00:53:28.178 INFO [localhost-startStop-1] org.apache.catalina.startup.HostConfig.deployDirectory Déploiement du répertoire /home/simon/IUT_Projet_Web_Java/tomcat-etud/webapps/host-manager de l'application web
04-Dec-2014 00:53:28.236 INFO [localhost-startStop-1] org.apache.jasper.servlet.TldScanner.scanJars At least one JAR was scanned for TLDs yet contained no TLDs. Enable debug logging for this logger for a complete list of JARs that were scanned but no TLDs were found in them. Skipping unneeded JARs during scanning can improve startup time and JSP compilation time.
04-Dec-2014 00:53:28.239 INFO [localhost-startStop-1] org.apache.catalina.startup.HostConfig.deployDirectory Deployment of web application directory /home/simon/IUT_Projet_Web_Java/tomcat-etud/webapps/host-manager has finished in 61 ms
04-Dec-2014 00:53:28.239 INFO [localhost-startStop-1] org.apache.catalina.startup.HostConfig.deployDirectory Déploiement du répertoire /home/simon/IUT_Projet_Web_Java/tomcat-etud/webapps/examples de l'application web
04-Dec-2014 00:53:28.599 INFO [localhost-startStop-1] org.apache.catalina.startup.HostConfig.deployDirectory Deployment of web application directory /home/simon/IUT_Projet_Web_Java/tomcat-etud/webapps/examples has finished in 360 ms
04-Dec-2014 00:53:28.602 INFO [main] org.apache.coyote.AbstractProtocol.start Starting ProtocolHandler ["http-nio-8080"]
04-Dec-2014 00:53:28.608 INFO [main] org.apache.coyote.AbstractProtocol.start Starting ProtocolHandler ["ajp-nio-8009"]
04-Dec-2014 00:53:28.608 INFO [main] org.apache.catalina.startup.Catalina.start Server startup in 1378 ms
04-Dec-2014 00:58:16.188 INFO [main] org.apache.catalina.startup.VersionLoggerListener.log Server version:        Apache Tomcat/8.0.15
04-Dec-2014 00:58:16.190 INFO [main] org.apache.catalina.startup.VersionLoggerListener.log Server built:          Nov 2 2014 19:25:20 UTC
04-Dec-2014 00:58:16.190 INFO [main] org.apache.catalina.startup.VersionLoggerListener.log Server number:         8.0.15.0
04-Dec-2014 00:58:16.190 INFO [main] org.apache.catalina.startup.VersionLoggerListener.log OS Name:               Linux
04-Dec-2014 00:58:16.190 INFO [main] org.apache.catalina.startup.VersionLoggerListener.log OS Version:            3.2.0-51-generic
04-Dec-2014 00:58:16.190 INFO [main] org.apache.catalina.startup.VersionLoggerListener.log Architecture:          amd64
04-Dec-2014 00:58:16.190 INFO [main] org.apache.catalina.startup.VersionLoggerListener.log JAVA_HOME:             /usr/lib/jvm/java-7-openjdk-amd64/jre
04-Dec-2014 00:58:16.190 INFO [main] org.apache.catalina.startup.VersionLoggerListener.log JVM Version:           1.7.0_65-b32
04-Dec-2014 00:58:16.190 INFO [main] org.apache.catalina.startup.VersionLoggerListener.log JVM Vendor:            Oracle Corporation
04-Dec-2014 00:58:16.190 INFO [main] org.apache.catalina.startup.VersionLoggerListener.log CATALINA_BASE:         /home/simon/IUT_Projet_Web_Java/tomcat-etud
04-Dec-2014 00:58:16.191 INFO [main] org.apache.catalina.startup.VersionLoggerListener.log CATALINA_HOME:         /home/simon/IUT_Projet_Web_Java/tomcat-etud
04-Dec-2014 00:58:16.191 INFO [main] org.apache.catalina.startup.VersionLoggerListener.log Command line argument: -Djava.util.logging.config.file=/home/simon/IUT_Projet_Web_Java/tomcat-etud/conf/logging.properties
04-Dec-2014 00:58:16.191 INFO [main] org.apache.catalina.startup.VersionLoggerListener.log Command line argument: -Djava.util.logging.manager=org.apache.juli.ClassLoaderLogManager
04-Dec-2014 00:58:16.191 INFO [main] org.apache.catalina.startup.VersionLoggerListener.log Command line argument: -Djava.endorsed.dirs=/home/simon/IUT_Projet_Web_Java/tomcat-etud/endorsed
04-Dec-2014 00:58:16.191 INFO [main] org.apache.catalina.startup.VersionLoggerListener.log Command line argument: -Dcatalina.base=/home/simon/IUT_Projet_Web_Java/tomcat-etud
04-Dec-2014 00:58:16.191 INFO [main] org.apache.catalina.startup.VersionLoggerListener.log Command line argument: -Dcatalina.home=/home/simon/IUT_Projet_Web_Java/tomcat-etud
04-Dec-2014 00:58:16.191 INFO [main] org.apache.catalina.startup.VersionLoggerListener.log Command line argument: -Djava.io.tmpdir=/home/simon/IUT_Projet_Web_Java/tomcat-etud/temp
04-Dec-2014 00:58:16.191 INFO [main] org.apache.catalina.core.AprLifecycleListener.lifecycleEvent The APR based Apache Tomcat Native library which allows optimal performance in production environments was not found on the java.library.path: /usr/java/packages/lib/amd64:/usr/lib/x86_64-linux-gnu/jni:/lib/x86_64-linux-gnu:/usr/lib/x86_64-linux-gnu:/usr/lib/jni:/lib:/usr/lib
04-Dec-2014 00:58:16.282 INFO [main] org.apache.coyote.AbstractProtocol.init Initializing ProtocolHandler ["http-nio-8080"]
04-Dec-2014 00:58:16.299 INFO [main] org.apache.tomcat.util.net.NioSelectorPool.getSharedSelector Using a shared selector for servlet write/read
04-Dec-2014 00:58:16.301 INFO [main] org.apache.coyote.AbstractProtocol.init Initializing ProtocolHandler ["ajp-nio-8009"]
04-Dec-2014 00:58:16.303 INFO [main] org.apache.tomcat.util.net.NioSelectorPool.getSharedSelector Using a shared selector for servlet write/read
04-Dec-2014 00:58:16.304 INFO [main] org.apache.catalina.startup.Catalina.load Initialization processed in 600 ms
04-Dec-2014 00:58:16.337 INFO [main] org.apache.catalina.core.StandardService.startInternal Démarrage du service Catalina
04-Dec-2014 00:58:16.337 INFO [main] org.apache.catalina.core.StandardEngine.startInternal Starting Servlet Engine: Apache Tomcat/8.0.15
04-Dec-2014 00:58:16.349 INFO [localhost-startStop-1] org.apache.catalina.startup.HostConfig.deployDirectory Déploiement du répertoire /home/simon/IUT_Projet_Web_Java/tomcat-etud/webapps/musiconline de l'application web
04-Dec-2014 00:58:16.884 INFO [localhost-startStop-1] org.apache.jasper.servlet.TldScanner.scanJars At least one JAR was scanned for TLDs yet contained no TLDs. Enable debug logging for this logger for a complete list of JARs that were scanned but no TLDs were found in them. Skipping unneeded JARs during scanning can improve startup time and JSP compilation time.
04-Dec-2014 00:58:17.403 INFO [localhost-startStop-1] org.apache.catalina.util.SessionIdGeneratorBase.createSecureRandom Creation of SecureRandom instance for session ID generation using [SHA1PRNG] took [512] milliseconds.
04-Dec-2014 00:58:17.420 INFO [localhost-startStop-1] org.apache.catalina.startup.HostConfig.deployDirectory Deployment of web application directory /home/simon/IUT_Projet_Web_Java/tomcat-etud/webapps/musiconline has finished in 1 071 ms
04-Dec-2014 00:58:17.421 INFO [localhost-startStop-1] org.apache.catalina.startup.HostConfig.deployDirectory Déploiement du répertoire /home/simon/IUT_Projet_Web_Java/tomcat-etud/webapps/manager de l'application web
04-Dec-2014 00:58:17.489 INFO [localhost-startStop-1] org.apache.jasper.servlet.TldScanner.scanJars At least one JAR was scanned for TLDs yet contained no TLDs. Enable debug logging for this logger for a complete list of JARs that were scanned but no TLDs were found in them. Skipping unneeded JARs during scanning can improve startup time and JSP compilation time.
04-Dec-2014 00:58:17.494 INFO [localhost-startStop-1] org.apache.catalina.startup.HostConfig.deployDirectory Deployment of web application directory /home/simon/IUT_Projet_Web_Java/tomcat-etud/webapps/manager has finished in 73 ms
04-Dec-2014 00:58:17.494 INFO [localhost-startStop-1] org.apache.catalina.startup.HostConfig.deployDirectory Déploiement du répertoire /home/simon/IUT_Projet_Web_Java/tomcat-etud/webapps/ROOT de l'application web
04-Dec-2014 00:58:17.559 INFO [localhost-startStop-1] org.apache.jasper.servlet.TldScanner.scanJars At least one JAR was scanned for TLDs yet contained no TLDs. Enable debug logging for this logger for a complete list of JARs that were scanned but no TLDs were found in them. Skipping unneeded JARs during scanning can improve startup time and JSP compilation time.
04-Dec-2014 00:58:17.561 INFO [localhost-startStop-1] org.apache.catalina.startup.HostConfig.deployDirectory Deployment of web application directory /home/simon/IUT_Projet_Web_Java/tomcat-etud/webapps/ROOT has finished in 67 ms
04-Dec-2014 00:58:17.561 INFO [localhost-startStop-1] org.apache.catalina.startup.HostConfig.deployDirectory Déploiement du répertoire /home/simon/IUT_Projet_Web_Java/tomcat-etud/webapps/docs de l'application web
04-Dec-2014 00:58:17.615 INFO [localhost-startStop-1] org.apache.jasper.servlet.TldScanner.scanJars At least one JAR was scanned for TLDs yet contained no TLDs. Enable debug logging for this logger for a complete list of JARs that were scanned but no TLDs were found in them. Skipping unneeded JARs during scanning can improve startup time and JSP compilation time.
04-Dec-2014 00:58:17.616 INFO [localhost-startStop-1] org.apache.catalina.startup.HostConfig.deployDirectory Deployment of web application directory /home/simon/IUT_Projet_Web_Java/tomcat-etud/webapps/docs has finished in 55 ms
04-Dec-2014 00:58:17.617 INFO [localhost-startStop-1] org.apache.catalina.startup.HostConfig.deployDirectory Déploiement du répertoire /home/simon/IUT_Projet_Web_Java/tomcat-etud/webapps/host-manager de l'application web
04-Dec-2014 00:58:17.673 INFO [localhost-startStop-1] org.apache.jasper.servlet.TldScanner.scanJars At least one JAR was scanned for TLDs yet contained no TLDs. Enable debug logging for this logger for a complete list of JARs that were scanned but no TLDs were found in them. Skipping unneeded JARs during scanning can improve startup time and JSP compilation time.
04-Dec-2014 00:58:17.675 INFO [localhost-startStop-1] org.apache.catalina.startup.HostConfig.deployDirectory Deployment of web application directory /home/simon/IUT_Projet_Web_Java/tomcat-etud/webapps/host-manager has finished in 58 ms
04-Dec-2014 00:58:17.675 INFO [localhost-startStop-1] org.apache.catalina.startup.HostConfig.deployDirectory Déploiement du répertoire /home/simon/IUT_Projet_Web_Java/tomcat-etud/webapps/examples de l'application web
04-Dec-2014 00:58:18.041 INFO [localhost-startStop-1] org.apache.catalina.startup.HostConfig.deployDirectory Deployment of web application directory /home/simon/IUT_Projet_Web_Java/tomcat-etud/webapps/examples has finished in 366 ms
04-Dec-2014 00:58:18.045 INFO [main] org.apache.coyote.AbstractProtocol.start Starting ProtocolHandler ["http-nio-8080"]
04-Dec-2014 00:58:18.051 INFO [main] org.apache.coyote.AbstractProtocol.start Starting ProtocolHandler ["ajp-nio-8009"]
04-Dec-2014 00:58:18.051 INFO [main] org.apache.catalina.startup.Catalina.start Server startup in 1747 ms
