08-Dec-2014 14:20:18.667 INFO [main] org.apache.catalina.startup.VersionLoggerListener.log Server version:        Apache Tomcat/8.0.15
08-Dec-2014 14:20:18.668 INFO [main] org.apache.catalina.startup.VersionLoggerListener.log Server built:          Nov 2 2014 19:25:20 UTC
08-Dec-2014 14:20:18.668 INFO [main] org.apache.catalina.startup.VersionLoggerListener.log Server number:         8.0.15.0
08-Dec-2014 14:20:18.668 INFO [main] org.apache.catalina.startup.VersionLoggerListener.log OS Name:               Linux
08-Dec-2014 14:20:18.668 INFO [main] org.apache.catalina.startup.VersionLoggerListener.log OS Version:            3.2.0-51-generic
08-Dec-2014 14:20:18.669 INFO [main] org.apache.catalina.startup.VersionLoggerListener.log Architecture:          amd64
08-Dec-2014 14:20:18.669 INFO [main] org.apache.catalina.startup.VersionLoggerListener.log JAVA_HOME:             /usr/lib/jvm/java-7-openjdk-amd64/jre
08-Dec-2014 14:20:18.669 INFO [main] org.apache.catalina.startup.VersionLoggerListener.log JVM Version:           1.7.0_65-b32
08-Dec-2014 14:20:18.669 INFO [main] org.apache.catalina.startup.VersionLoggerListener.log JVM Vendor:            Oracle Corporation
08-Dec-2014 14:20:18.669 INFO [main] org.apache.catalina.startup.VersionLoggerListener.log CATALINA_BASE:         /home/simon/IUT_Projet_Web_Java/tomcat-etud
08-Dec-2014 14:20:18.669 INFO [main] org.apache.catalina.startup.VersionLoggerListener.log CATALINA_HOME:         /home/simon/IUT_Projet_Web_Java/tomcat-etud
08-Dec-2014 14:20:18.669 INFO [main] org.apache.catalina.startup.VersionLoggerListener.log Command line argument: -Djava.util.logging.config.file=/home/simon/IUT_Projet_Web_Java/tomcat-etud/conf/logging.properties
08-Dec-2014 14:20:18.670 INFO [main] org.apache.catalina.startup.VersionLoggerListener.log Command line argument: -Djava.util.logging.manager=org.apache.juli.ClassLoaderLogManager
08-Dec-2014 14:20:18.670 INFO [main] org.apache.catalina.startup.VersionLoggerListener.log Command line argument: -Djava.endorsed.dirs=/home/simon/IUT_Projet_Web_Java/tomcat-etud/endorsed
08-Dec-2014 14:20:18.670 INFO [main] org.apache.catalina.startup.VersionLoggerListener.log Command line argument: -Dcatalina.base=/home/simon/IUT_Projet_Web_Java/tomcat-etud
08-Dec-2014 14:20:18.670 INFO [main] org.apache.catalina.startup.VersionLoggerListener.log Command line argument: -Dcatalina.home=/home/simon/IUT_Projet_Web_Java/tomcat-etud
08-Dec-2014 14:20:18.670 INFO [main] org.apache.catalina.startup.VersionLoggerListener.log Command line argument: -Djava.io.tmpdir=/home/simon/IUT_Projet_Web_Java/tomcat-etud/temp
08-Dec-2014 14:20:18.670 INFO [main] org.apache.catalina.core.AprLifecycleListener.lifecycleEvent The APR based Apache Tomcat Native library which allows optimal performance in production environments was not found on the java.library.path: /usr/java/packages/lib/amd64:/usr/lib/x86_64-linux-gnu/jni:/lib/x86_64-linux-gnu:/usr/lib/x86_64-linux-gnu:/usr/lib/jni:/lib:/usr/lib
08-Dec-2014 14:20:19.091 INFO [main] org.apache.coyote.AbstractProtocol.init Initializing ProtocolHandler ["http-nio-8080"]
08-Dec-2014 14:20:19.134 INFO [main] org.apache.tomcat.util.net.NioSelectorPool.getSharedSelector Using a shared selector for servlet write/read
08-Dec-2014 14:20:19.138 INFO [main] org.apache.coyote.AbstractProtocol.init Initializing ProtocolHandler ["ajp-nio-8009"]
08-Dec-2014 14:20:19.141 INFO [main] org.apache.tomcat.util.net.NioSelectorPool.getSharedSelector Using a shared selector for servlet write/read
08-Dec-2014 14:20:19.141 INFO [main] org.apache.catalina.startup.Catalina.load Initialization processed in 2293 ms
08-Dec-2014 14:20:19.202 INFO [main] org.apache.catalina.core.StandardService.startInternal Démarrage du service Catalina
08-Dec-2014 14:20:19.203 INFO [main] org.apache.catalina.core.StandardEngine.startInternal Starting Servlet Engine: Apache Tomcat/8.0.15
08-Dec-2014 14:20:19.223 INFO [localhost-startStop-1] org.apache.catalina.startup.HostConfig.deployDirectory Déploiement du répertoire /home/simon/IUT_Projet_Web_Java/tomcat-etud/webapps/musiconline de l'application web
08-Dec-2014 14:20:20.048 INFO [localhost-startStop-1] org.apache.jasper.servlet.TldScanner.scanJars At least one JAR was scanned for TLDs yet contained no TLDs. Enable debug logging for this logger for a complete list of JARs that were scanned but no TLDs were found in them. Skipping unneeded JARs during scanning can improve startup time and JSP compilation time.
08-Dec-2014 14:20:20.175 INFO [localhost-startStop-1] org.apache.catalina.startup.HostConfig.deployDirectory Deployment of web application directory /home/simon/IUT_Projet_Web_Java/tomcat-etud/webapps/musiconline has finished in 943 ms
08-Dec-2014 14:20:20.175 INFO [localhost-startStop-1] org.apache.catalina.startup.HostConfig.deployDirectory Déploiement du répertoire /home/simon/IUT_Projet_Web_Java/tomcat-etud/webapps/manager de l'application web
08-Dec-2014 14:20:20.289 INFO [localhost-startStop-1] org.apache.jasper.servlet.TldScanner.scanJars At least one JAR was scanned for TLDs yet contained no TLDs. Enable debug logging for this logger for a complete list of JARs that were scanned but no TLDs were found in them. Skipping unneeded JARs during scanning can improve startup time and JSP compilation time.
08-Dec-2014 14:20:20.294 INFO [localhost-startStop-1] org.apache.catalina.startup.HostConfig.deployDirectory Deployment of web application directory /home/simon/IUT_Projet_Web_Java/tomcat-etud/webapps/manager has finished in 119 ms
08-Dec-2014 14:20:20.295 INFO [localhost-startStop-1] org.apache.catalina.startup.HostConfig.deployDirectory Déploiement du répertoire /home/simon/IUT_Projet_Web_Java/tomcat-etud/webapps/ROOT de l'application web
08-Dec-2014 14:20:20.372 INFO [localhost-startStop-1] org.apache.jasper.servlet.TldScanner.scanJars At least one JAR was scanned for TLDs yet contained no TLDs. Enable debug logging for this logger for a complete list of JARs that were scanned but no TLDs were found in them. Skipping unneeded JARs during scanning can improve startup time and JSP compilation time.
08-Dec-2014 14:20:20.375 INFO [localhost-startStop-1] org.apache.catalina.startup.HostConfig.deployDirectory Deployment of web application directory /home/simon/IUT_Projet_Web_Java/tomcat-etud/webapps/ROOT has finished in 79 ms
08-Dec-2014 14:20:20.375 INFO [localhost-startStop-1] org.apache.catalina.startup.HostConfig.deployDirectory Déploiement du répertoire /home/simon/IUT_Projet_Web_Java/tomcat-etud/webapps/docs de l'application web
08-Dec-2014 14:20:20.446 INFO [localhost-startStop-1] org.apache.jasper.servlet.TldScanner.scanJars At least one JAR was scanned for TLDs yet contained no TLDs. Enable debug logging for this logger for a complete list of JARs that were scanned but no TLDs were found in them. Skipping unneeded JARs during scanning can improve startup time and JSP compilation time.
08-Dec-2014 14:20:20.449 INFO [localhost-startStop-1] org.apache.catalina.startup.HostConfig.deployDirectory Deployment of web application directory /home/simon/IUT_Projet_Web_Java/tomcat-etud/webapps/docs has finished in 74 ms
08-Dec-2014 14:20:20.449 INFO [localhost-startStop-1] org.apache.catalina.startup.HostConfig.deployDirectory Déploiement du répertoire /home/simon/IUT_Projet_Web_Java/tomcat-etud/webapps/host-manager de l'application web
08-Dec-2014 14:20:20.539 INFO [localhost-startStop-1] org.apache.jasper.servlet.TldScanner.scanJars At least one JAR was scanned for TLDs yet contained no TLDs. Enable debug logging for this logger for a complete list of JARs that were scanned but no TLDs were found in them. Skipping unneeded JARs during scanning can improve startup time and JSP compilation time.
08-Dec-2014 14:20:20.541 INFO [localhost-startStop-1] org.apache.catalina.startup.HostConfig.deployDirectory Deployment of web application directory /home/simon/IUT_Projet_Web_Java/tomcat-etud/webapps/host-manager has finished in 92 ms
08-Dec-2014 14:20:20.541 INFO [localhost-startStop-1] org.apache.catalina.startup.HostConfig.deployDirectory Déploiement du répertoire /home/simon/IUT_Projet_Web_Java/tomcat-etud/webapps/examples de l'application web
08-Dec-2014 14:20:21.268 INFO [localhost-startStop-1] org.apache.catalina.startup.HostConfig.deployDirectory Deployment of web application directory /home/simon/IUT_Projet_Web_Java/tomcat-etud/webapps/examples has finished in 727 ms
08-Dec-2014 14:20:21.283 INFO [main] org.apache.coyote.AbstractProtocol.start Starting ProtocolHandler ["http-nio-8080"]
08-Dec-2014 14:20:21.296 INFO [main] org.apache.coyote.AbstractProtocol.start Starting ProtocolHandler ["ajp-nio-8009"]
08-Dec-2014 14:20:21.297 INFO [main] org.apache.catalina.startup.Catalina.start Server startup in 2155 ms
