déc. 01, 2014 2:49:46 PM org.apache.catalina.startup.Catalina initDirs
GRAVE: Cannot find specified temporary folder at /media/Stockage/neaworld/iut/INFO/m3104/IUT_Projet_Web_Java/tomcat-etud/temp
déc. 01, 2014 2:49:47 PM org.apache.catalina.core.AprLifecycleListener init
INFOS: The APR based Apache Tomcat Native library which allows optimal performance in production environments was not found on the java.library.path: /usr/java/packages/lib/amd64:/usr/lib64:/lib64:/lib:/usr/lib
déc. 01, 2014 2:49:47 PM org.apache.coyote.AbstractProtocol init
INFOS: Initializing ProtocolHandler ["http-bio-8080"]
déc. 01, 2014 2:49:47 PM org.apache.coyote.AbstractProtocol init
INFOS: Initializing ProtocolHandler ["ajp-bio-8009"]
déc. 01, 2014 2:49:47 PM org.apache.catalina.startup.Catalina load
INFOS: Initialization processed in 820 ms
déc. 01, 2014 2:49:47 PM org.apache.catalina.core.StandardService startInternal
INFOS: Démarrage du service Catalina
déc. 01, 2014 2:49:47 PM org.apache.catalina.core.StandardEngine startInternal
INFOS: Starting Servlet Engine: Apache Tomcat/7.0.25
déc. 01, 2014 2:49:47 PM org.apache.catalina.startup.HostConfig deployDirectory
INFOS: Déploiement du répertoire /media/Stockage/neaworld/iut/INFO/m3104/IUT_Projet_Web_Java/tomcat-etud/webapps/ROOT de l'application web
déc. 01, 2014 2:49:48 PM org.apache.catalina.startup.HostConfig deployDirectory
INFOS: Déploiement du répertoire /media/Stockage/neaworld/iut/INFO/m3104/IUT_Projet_Web_Java/tomcat-etud/webapps/musiconline de l'application web
déc. 01, 2014 2:49:48 PM org.apache.catalina.startup.HostConfig deployDirectory
INFOS: Déploiement du répertoire /media/Stockage/neaworld/iut/INFO/m3104/IUT_Projet_Web_Java/tomcat-etud/webapps/manager de l'application web
déc. 01, 2014 2:49:48 PM org.apache.catalina.startup.HostConfig deployDirectory
INFOS: Déploiement du répertoire /media/Stockage/neaworld/iut/INFO/m3104/IUT_Projet_Web_Java/tomcat-etud/webapps/examples de l'application web
déc. 01, 2014 2:49:48 PM org.apache.catalina.startup.HostConfig deployDirectory
INFOS: Déploiement du répertoire /media/Stockage/neaworld/iut/INFO/m3104/IUT_Projet_Web_Java/tomcat-etud/webapps/host-manager de l'application web
déc. 01, 2014 2:49:48 PM org.apache.catalina.startup.HostConfig deployDirectory
INFOS: Déploiement du répertoire /media/Stockage/neaworld/iut/INFO/m3104/IUT_Projet_Web_Java/tomcat-etud/webapps/docs de l'application web
déc. 01, 2014 2:49:48 PM org.apache.coyote.AbstractProtocol start
INFOS: Starting ProtocolHandler ["http-bio-8080"]
déc. 01, 2014 2:49:48 PM org.apache.coyote.AbstractProtocol start
INFOS: Starting ProtocolHandler ["ajp-bio-8009"]
déc. 01, 2014 2:49:48 PM org.apache.catalina.startup.Catalina start
INFOS: Server startup in 684 ms
déc. 01, 2014 3:09:01 PM org.apache.catalina.core.StandardServer await
INFOS: A valid shutdown command was received via the shutdown port. Stopping the Server instance.
déc. 01, 2014 3:09:01 PM org.apache.coyote.AbstractProtocol pause
INFOS: Pausing ProtocolHandler ["http-bio-8080"]
déc. 01, 2014 3:09:02 PM org.apache.coyote.AbstractProtocol pause
INFOS: Pausing ProtocolHandler ["ajp-bio-8009"]
déc. 01, 2014 3:09:02 PM org.apache.catalina.core.StandardService stopInternal
INFOS: Arrêt du service Catalina
déc. 01, 2014 3:09:02 PM org.apache.coyote.AbstractProtocol stop
INFOS: Stopping ProtocolHandler ["http-bio-8080"]
déc. 01, 2014 3:09:02 PM org.apache.coyote.AbstractProtocol stop
INFOS: Stopping ProtocolHandler ["ajp-bio-8009"]
déc. 01, 2014 3:09:02 PM org.apache.coyote.AbstractProtocol destroy
INFOS: Destroying ProtocolHandler ["http-bio-8080"]
déc. 01, 2014 3:09:02 PM org.apache.coyote.AbstractProtocol destroy
INFOS: Destroying ProtocolHandler ["ajp-bio-8009"]
déc. 01, 2014 3:09:51 PM org.apache.catalina.startup.Catalina initDirs
GRAVE: Cannot find specified temporary folder at /media/Stockage/neaworld/iut/INFO/m3104/IUT_Projet_Web_Java/tomcat-etud/temp
déc. 01, 2014 3:09:51 PM org.apache.catalina.core.AprLifecycleListener init
INFOS: The APR based Apache Tomcat Native library which allows optimal performance in production environments was not found on the java.library.path: /usr/java/packages/lib/amd64:/usr/lib64:/lib64:/lib:/usr/lib
déc. 01, 2014 3:09:51 PM org.apache.coyote.AbstractProtocol init
INFOS: Initializing ProtocolHandler ["http-bio-8080"]
déc. 01, 2014 3:09:51 PM org.apache.coyote.AbstractProtocol init
INFOS: Initializing ProtocolHandler ["ajp-bio-8009"]
déc. 01, 2014 3:09:51 PM org.apache.catalina.startup.Catalina load
INFOS: Initialization processed in 561 ms
déc. 01, 2014 3:09:51 PM org.apache.catalina.core.StandardService startInternal
INFOS: Démarrage du service Catalina
déc. 01, 2014 3:09:51 PM org.apache.catalina.core.StandardEngine startInternal
INFOS: Starting Servlet Engine: Apache Tomcat/7.0.25
déc. 01, 2014 3:09:51 PM org.apache.catalina.startup.HostConfig deployDirectory
INFOS: Déploiement du répertoire /media/Stockage/neaworld/iut/INFO/m3104/IUT_Projet_Web_Java/tomcat-etud/webapps/ROOT de l'application web
déc. 01, 2014 3:09:52 PM org.apache.catalina.startup.HostConfig deployDirectory
INFOS: Déploiement du répertoire /media/Stockage/neaworld/iut/INFO/m3104/IUT_Projet_Web_Java/tomcat-etud/webapps/musiconline de l'application web
déc. 01, 2014 3:09:52 PM org.apache.catalina.startup.HostConfig deployDirectory
INFOS: Déploiement du répertoire /media/Stockage/neaworld/iut/INFO/m3104/IUT_Projet_Web_Java/tomcat-etud/webapps/manager de l'application web
déc. 01, 2014 3:09:52 PM org.apache.catalina.startup.HostConfig deployDirectory
INFOS: Déploiement du répertoire /media/Stockage/neaworld/iut/INFO/m3104/IUT_Projet_Web_Java/tomcat-etud/webapps/examples de l'application web
déc. 01, 2014 3:09:52 PM org.apache.catalina.startup.HostConfig deployDirectory
INFOS: Déploiement du répertoire /media/Stockage/neaworld/iut/INFO/m3104/IUT_Projet_Web_Java/tomcat-etud/webapps/host-manager de l'application web
déc. 01, 2014 3:09:52 PM org.apache.catalina.startup.HostConfig deployDirectory
INFOS: Déploiement du répertoire /media/Stockage/neaworld/iut/INFO/m3104/IUT_Projet_Web_Java/tomcat-etud/webapps/docs de l'application web
déc. 01, 2014 3:09:52 PM org.apache.coyote.AbstractProtocol start
INFOS: Starting ProtocolHandler ["http-bio-8080"]
déc. 01, 2014 3:09:52 PM org.apache.coyote.AbstractProtocol start
INFOS: Starting ProtocolHandler ["ajp-bio-8009"]
déc. 01, 2014 3:09:52 PM org.apache.catalina.startup.Catalina start
INFOS: Server startup in 604 ms
