déc. 01, 2014 2:49:48 PM org.apache.catalina.core.ApplicationContext log
INFOS: ContextListener: contextInitialized()
déc. 01, 2014 2:49:48 PM org.apache.catalina.core.ApplicationContext log
INFOS: SessionListener: contextInitialized()
déc. 01, 2014 2:49:48 PM org.apache.catalina.core.ApplicationContext log
INFOS: ContextListener: attributeAdded('org.apache.jasper.compiler.TldLocationsCache', 'org.apache.jasper.compiler.TldLocationsCache@47330c96')
déc. 01, 2014 2:49:52 PM org.apache.catalina.core.ApplicationContext log
INFOS: ContextListener: contextInitialized()
déc. 01, 2014 2:49:52 PM org.apache.catalina.core.ApplicationContext log
INFOS: SessionListener: contextInitialized()
déc. 01, 2014 2:49:52 PM org.apache.catalina.core.ApplicationContext log
INFOS: ContextListener: attributeAdded('org.apache.jasper.compiler.TldLocationsCache', 'org.apache.jasper.compiler.TldLocationsCache@1a19a8d4')
déc. 01, 2014 2:49:52 PM org.apache.catalina.core.ApplicationContext log
INFOS: SessionListener: contextDestroyed()
déc. 01, 2014 2:49:52 PM org.apache.catalina.core.ApplicationContext log
INFOS: ContextListener: contextDestroyed()
déc. 01, 2014 3:09:02 PM org.apache.catalina.core.ApplicationContext log
INFOS: SessionListener: contextDestroyed()
déc. 01, 2014 3:09:02 PM org.apache.catalina.core.ApplicationContext log
INFOS: ContextListener: contextDestroyed()
déc. 01, 2014 3:09:10 PM org.apache.catalina.core.ApplicationContext log
INFOS: ContextListener: contextInitialized()
déc. 01, 2014 3:09:10 PM org.apache.catalina.core.ApplicationContext log
INFOS: SessionListener: contextInitialized()
déc. 01, 2014 3:09:10 PM org.apache.catalina.core.ApplicationContext log
INFOS: ContextListener: attributeAdded('org.apache.jasper.compiler.TldLocationsCache', 'org.apache.jasper.compiler.TldLocationsCache@21fbf127')
déc. 01, 2014 3:09:46 PM org.apache.catalina.core.ApplicationContext log
INFOS: SessionListener: contextDestroyed()
déc. 01, 2014 3:09:46 PM org.apache.catalina.core.ApplicationContext log
INFOS: ContextListener: contextDestroyed()
déc. 01, 2014 3:09:52 PM org.apache.catalina.core.ApplicationContext log
INFOS: ContextListener: contextInitialized()
déc. 01, 2014 3:09:52 PM org.apache.catalina.core.ApplicationContext log
INFOS: SessionListener: contextInitialized()
déc. 01, 2014 3:09:52 PM org.apache.catalina.core.ApplicationContext log
INFOS: ContextListener: attributeAdded('org.apache.jasper.compiler.TldLocationsCache', 'org.apache.jasper.compiler.TldLocationsCache@3b7b4f72')
déc. 01, 2014 3:09:55 PM org.apache.catalina.core.ApplicationContext log
INFOS: ContextListener: contextInitialized()
déc. 01, 2014 3:09:55 PM org.apache.catalina.core.ApplicationContext log
INFOS: SessionListener: contextInitialized()
déc. 01, 2014 3:09:55 PM org.apache.catalina.core.ApplicationContext log
INFOS: ContextListener: attributeAdded('org.apache.jasper.compiler.TldLocationsCache', 'org.apache.jasper.compiler.TldLocationsCache@30939432')
déc. 01, 2014 3:09:55 PM org.apache.catalina.core.ApplicationContext log
INFOS: SessionListener: contextDestroyed()
déc. 01, 2014 3:09:55 PM org.apache.catalina.core.ApplicationContext log
INFOS: ContextListener: contextDestroyed()
